<?xml version="1.0" encoding="UTF-8"?>
<!-- Generated by org.testng.reporters.JUnitXMLReporter -->
<testsuite ignored="0" hostname="DESKTOP-J87P7FE" failures="3" tests="10" name="Surefire test" time="66.264" errors="0" timestamp="2023-07-31T12:30:24 CEST">
  <testcase classname="testes.ActionTests" name="hoverTest" time="11.872">
    <failure type="org.openqa.selenium.TimeoutException" message="Expected condition failed: waiting for visibility of element located by By.cssSelector: [href=&amp;apos;/users/1&amp;apos;] (tried for 10 second(s) with 500 milliseconds interval)
Build info: version: &amp;apos;4.10.0&amp;apos;, revision: &amp;apos;c14d967899&amp;apos;
System info: os.name: &amp;apos;Windows 11&amp;apos;, os.arch: &amp;apos;amd64&amp;apos;, os.version: &amp;apos;10.0&amp;apos;, java.version: &amp;apos;11.0.19&amp;apos;
Driver info: org.openqa.selenium.chrome.ChromeDriver
Capabilities {acceptInsecureCerts: false, browserName: chrome, browserVersion: 115.0.5790.110, chrome: {chromedriverVersion: 114.0.5735.90 (386bc09e8f4f..., userDataDir: C:\Users\SPRZET~1\AppData\L...}, goog:chromeOptions: {debuggerAddress: localhost:58314}, networkConnectionEnabled: false, pageLoadStrategy: normal, platformName: windows, proxy: Proxy(), se:cdp: ws://localhost:58314/devtoo..., se:cdpVersion: 115.0.5790.110, setWindowRect: true, strictFileInteractability: false, timeouts: {implicit: 0, pageLoad: 300000, script: 30000}, unhandledPromptBehavior: dismiss and notify, webauthn:extension:credBlob: true, webauthn:extension:largeBlob: true, webauthn:extension:minPinLength: true, webauthn:extension:prf: true, webauthn:virtualAuthenticators: true}
Session ID: dc6bc998070c3bf80ae52e8601a10ce9">
      <![CDATA[org.openqa.selenium.TimeoutException: Expected condition failed: waiting for visibility of element located by By.cssSelector: [href='/users/1'] (tried for 10 second(s) with 500 milliseconds interval)
Build info: version: '4.10.0', revision: 'c14d967899'
System info: os.name: 'Windows 11', os.arch: 'amd64', os.version: '10.0', java.version: '11.0.19'
Driver info: org.openqa.selenium.chrome.ChromeDriver
Capabilities {acceptInsecureCerts: false, browserName: chrome, browserVersion: 115.0.5790.110, chrome: {chromedriverVersion: 114.0.5735.90 (386bc09e8f4f..., userDataDir: C:\Users\SPRZET~1\AppData\L...}, goog:chromeOptions: {debuggerAddress: localhost:58314}, networkConnectionEnabled: false, pageLoadStrategy: normal, platformName: windows, proxy: Proxy(), se:cdp: ws://localhost:58314/devtoo..., se:cdpVersion: 115.0.5790.110, setWindowRect: true, strictFileInteractability: false, timeouts: {implicit: 0, pageLoad: 300000, script: 30000}, unhandledPromptBehavior: dismiss and notify, webauthn:extension:credBlob: true, webauthn:extension:largeBlob: true, webauthn:extension:minPinLength: true, webauthn:extension:prf: true, webauthn:virtualAuthenticators: true}
Session ID: dc6bc998070c3bf80ae52e8601a10ce9
at org.openqa.selenium.support.ui.WebDriverWait.timeoutException(WebDriverWait.java:84)
at org.openqa.selenium.support.ui.FluentWait.until(FluentWait.java:230)
at service.WaitService.waitForVisibilityLocatedBy(WaitService.java:34)
at testes.ActionTests.hoverTest(ActionTests.java:26)
at java.base/java.util.ArrayList.forEach(ArrayList.java:1541)
... Removed 31 stack frames]]>
    </failure>
  </testcase> <!-- hoverTest -->
  <testcase classname="testes.ActionTests" name="uploadFileTest" time="1.272">
    <failure type="org.openqa.selenium.InvalidArgumentException" message="invalid argument: File not found : /C:/Users/Sprzetowo/IdeaProjects/AQA21/target/test-classes/download.jpeg
  (Session info: chrome=115.0.5790.110)
Build info: version: &amp;apos;4.10.0&amp;apos;, revision: &amp;apos;c14d967899&amp;apos;
System info: os.name: &amp;apos;Windows 11&amp;apos;, os.arch: &amp;apos;amd64&amp;apos;, os.version: &amp;apos;10.0&amp;apos;, java.version: &amp;apos;11.0.19&amp;apos;
Driver info: org.openqa.selenium.chrome.ChromeDriver
Command: [e30309724c2bf2b0aaa3e3381ffb4bab, sendKeysToElement {id=89539088E0C39AAC57F8DDA3DD5733D7_element_9, value=[Ljava.lang.CharSequence;@a451491}]
Capabilities {acceptInsecureCerts: false, browserName: chrome, browserVersion: 115.0.5790.110, chrome: {chromedriverVersion: 114.0.5735.90 (386bc09e8f4f..., userDataDir: C:\Users\SPRZET~1\AppData\L...}, goog:chromeOptions: {debuggerAddress: localhost:58336}, networkConnectionEnabled: false, pageLoadStrategy: normal, platformName: windows, proxy: Proxy(), se:cdp: ws://localhost:58336/devtoo..., se:cdpVersion: 115.0.5790.110, setWindowRect: true, strictFileInteractability: false, timeouts: {implicit: 0, pageLoad: 300000, script: 30000}, unhandledPromptBehavior: dismiss and notify, webauthn:extension:credBlob: true, webauthn:extension:largeBlob: true, webauthn:extension:minPinLength: true, webauthn:extension:prf: true, webauthn:virtualAuthenticators: true}
Element: [[ChromeDriver: chrome on windows (e30309724c2bf2b0aaa3e3381ffb4bab)] -&amp;gt; xpath: //form/input[@type=&amp;apos;file&amp;apos;]]
Session ID: e30309724c2bf2b0aaa3e3381ffb4bab">
      <![CDATA[org.openqa.selenium.InvalidArgumentException: invalid argument: File not found : /C:/Users/Sprzetowo/IdeaProjects/AQA21/target/test-classes/download.jpeg
  (Session info: chrome=115.0.5790.110)
Build info: version: '4.10.0', revision: 'c14d967899'
System info: os.name: 'Windows 11', os.arch: 'amd64', os.version: '10.0', java.version: '11.0.19'
Driver info: org.openqa.selenium.chrome.ChromeDriver
Command: [e30309724c2bf2b0aaa3e3381ffb4bab, sendKeysToElement {id=89539088E0C39AAC57F8DDA3DD5733D7_element_9, value=[Ljava.lang.CharSequence;@a451491}]
Capabilities {acceptInsecureCerts: false, browserName: chrome, browserVersion: 115.0.5790.110, chrome: {chromedriverVersion: 114.0.5735.90 (386bc09e8f4f..., userDataDir: C:\Users\SPRZET~1\AppData\L...}, goog:chromeOptions: {debuggerAddress: localhost:58336}, networkConnectionEnabled: false, pageLoadStrategy: normal, platformName: windows, proxy: Proxy(), se:cdp: ws://localhost:58336/devtoo..., se:cdpVersion: 115.0.5790.110, setWindowRect: true, strictFileInteractability: false, timeouts: {implicit: 0, pageLoad: 300000, script: 30000}, unhandledPromptBehavior: dismiss and notify, webauthn:extension:credBlob: true, webauthn:extension:largeBlob: true, webauthn:extension:minPinLength: true, webauthn:extension:prf: true, webauthn:virtualAuthenticators: true}
Element: [[ChromeDriver: chrome on windows (e30309724c2bf2b0aaa3e3381ffb4bab)] -> xpath: //form/input[@type='file']]
Session ID: e30309724c2bf2b0aaa3e3381ffb4bab
at org.openqa.selenium.remote.codec.w3c.W3CHttpResponseCodec.createException(W3CHttpResponseCodec.java:199)
at org.openqa.selenium.remote.codec.w3c.W3CHttpResponseCodec.decode(W3CHttpResponseCodec.java:132)
at org.openqa.selenium.remote.codec.w3c.W3CHttpResponseCodec.decode(W3CHttpResponseCodec.java:51)
at org.openqa.selenium.remote.HttpCommandExecutor.execute(HttpCommandExecutor.java:191)
at org.openqa.selenium.remote.service.DriverCommandExecutor.invokeExecute(DriverCommandExecutor.java:196)
at org.openqa.selenium.remote.service.DriverCommandExecutor.execute(DriverCommandExecutor.java:171)
at org.openqa.selenium.remote.RemoteWebDriver.execute(RemoteWebDriver.java:531)
at org.openqa.selenium.remote.RemoteWebElement.execute(RemoteWebElement.java:242)
at org.openqa.selenium.remote.RemoteWebElement.sendKeys(RemoteWebElement.java:111)
at testes.ActionTests.uploadFileTest(ActionTests.java:42)
at java.base/java.util.ArrayList.forEach(ArrayList.java:1541)
... Removed 35 stack frames]]>
    </failure>
  </testcase> <!-- uploadFileTest -->
  <testcase classname="testes.AlertTests" name="confirmAlertTest" time="4.292"/>
  <testcase classname="testes.AlertTests" name="infoAlertTest" time="1.324"/>
  <testcase classname="testes.AlertTests" name="promptAlertTest" time="6.252"/>
  <testcase classname="testes.FrameTests" name="frameTest" time="1.708"/>
  <testcase classname="testes.JSTests" name="actionTest1" time="7.32"/>
  <testcase classname="testes.JSTests" name="jsTest" time="6.454"/>
  <testcase classname="testes.WaitsTest" name="presenceOfElementTest" time="1.33">
    <failure type="java.lang.AssertionError" message="expected [true] but found [false]">
      <![CDATA[java.lang.AssertionError: expected [true] but found [false]
at testes.WaitsTest.presenceOfElementTest(WaitsTest.java:24)
at java.base/java.util.ArrayList.forEach(ArrayList.java:1541)
... Removed 35 stack frames]]>
    </failure>
  </testcase> <!-- presenceOfElementTest -->
  <testcase classname="testes.WaitsTest" name="presenceOfElementWaitTest" time="6.611"/>
</testsuite> <!-- Surefire test -->
